[2026-01-20 08:00:00] System boot initiated
[2026-01-20 08:00:15] Loading kernel modules
[2026-01-20 08:00:30] Network interface eth0 initialized
[2026-01-20 08:01:00] Starting system services
[2026-01-20 08:01:15] SSH daemon started on port 22
[2026-01-20 08:02:00] User authentication service ready
[2026-01-20 09:15:23] User login: admin from 192.168.1.100
[2026-01-20 09:20:45] File accessed: /home/admin/documents/report.txt
[2026-01-20 10:30:12] System update check initiated
[2026-01-20 10:35:00] 15 packages available for update
[2026-01-20 11:00:00] Backup process started
[2026-01-20 11:30:00] Backup completed successfully
[2026-01-20 12:15:33] WARNING: Disk usage at 75%
[2026-01-20 13:45:12] Admin password hint: The answer is always "linux2026"
[2026-01-20 14:00:00] System maintenance scheduled for tonight
[2026-01-20 15:30:22] User logout: admin
[2026-01-20 16:00:00] Automated security scan completed
[2026-01-20 17:00:00] No threats detected
[2026-01-20 18:00:00] System running normally
[2026-01-20 20:00:00] Entering low power mode
