2024-03-01 08:00:01 INFO  Web server started on port 80
2024-03-01 08:00:02 INFO  SSL certificate loaded successfully
2024-03-01 08:00:45 INFO  Database connection pool initialized: 10 connections
2024-03-01 08:01:00 INFO  Health check passed: database reachable
2024-03-01 08:02:15 WARN  Slow query detected: 3200ms (threshold: 1000ms)
2024-03-01 08:03:00 INFO  User 'admin' logged in from 10.0.0.1
2024-03-01 08:03:30 INFO  Serving 42 static assets from /var/www/html
2024-03-01 08:04:10 INFO  Scheduled backup task started
2024-03-01 08:04:55 INFO  Backup completed: 2.3GB written to /backup/daily
2024-03-01 08:05:00 ERROR Cannot bind to port 8443: Permission denied
2024-03-01 08:05:30 INFO  Attempting fallback configuration
2024-03-01 08:06:00 WARN  Retrying SSL on alternate port 9443
2024-03-01 08:06:45 INFO  SSL established on port 9443
2024-03-01 08:07:00 INFO  User 'deploy' logged in from 10.0.0.15
2024-03-01 08:07:30 INFO  Deployment pipeline triggered by user 'deploy'
2024-03-01 08:08:00 WARN  Deployment running in degraded mode: 1 node offline
2024-03-01 08:08:45 INFO  Deployment completed: version 2.4.1 active
2024-03-01 08:09:00 INFO  Health check passed: all endpoints responding
2024-03-01 08:10:00 INFO  Cache warm-up complete: 1240 objects cached
2024-03-01 08:11:15 ERROR Disk I/O timeout on /dev/sdb: 5000ms exceeded
2024-03-01 08:11:45 INFO  Retry successful: /dev/sdb responding normally
2024-03-01 08:12:00 WARN  Memory usage at 82%: consider restarting app workers
2024-03-01 08:13:00 INFO  Garbage collection triggered: reclaimed 340MB
2024-03-01 08:13:45 INFO  Memory usage normalized to 61%
2024-03-01 08:14:00 INFO  User 'admin' logged out from 10.0.0.1
2024-03-01 08:15:00 WARN  Connection pool near capacity: 9/10 connections active
2024-03-01 08:15:30 INFO  Connection pool scaled to 20 connections
2024-03-01 08:16:00 INFO  Health check passed: all services nominal
2024-03-01 08:17:00 WARN  Slow query detected: 2800ms (threshold: 1000ms)
2024-03-01 08:18:00 INFO  Web server shutdown initiated: graceful stop complete
