[2026-01-26 10:00:00] Application started successfully
[2026-01-26 10:00:15] Loading configuration from config.conf
[2026-01-26 10:00:30] Database connection established to localhost
[2026-01-26 10:01:00] User authentication service initialized
[2026-01-26 10:01:15] Server listening on localhost:8080
[2026-01-26 10:02:00] ERROR: Failed to connect to external API (timeout)
[2026-01-26 10:02:15] Retrying connection...
[2026-01-26 10:02:30] Connection established successfully
[2026-01-26 10:03:00] Processing user request: GET /api/users
[2026-01-26 10:03:15] WARNING: High memory usage detected (85%)
[2026-01-26 10:04:00] User login: admin from 192.168.1.100
[2026-01-26 10:04:15] Session created: session_12345
[2026-01-26 10:05:00] File uploaded: document.pdf (2.5MB)
[2026-01-26 10:05:15] ERROR: Invalid file format for image.exe
[2026-01-26 10:06:00] Cache hit rate: 92%
[2026-01-26 10:06:15] Database query executed in 45ms
[2026-01-26 10:07:00] Backup process started
[2026-01-26 10:07:15] Backing up to localhost:/backup/
[2026-01-26 10:08:00] Backup completed successfully
[2026-01-26 10:08:15] ERROR: Disk space running low (5GB remaining)
[2026-01-26 10:09:00] Alert sent to administrator
[2026-01-26 10:09:15] User logout: admin
[2026-01-26 10:10:00] Application running normally
