[2026-01-26 08:00:00] System boot completed
[2026-01-26 08:00:15] Network interface initialized
[2026-01-26 08:00:30] Hostname set to localhost
[2026-01-26 08:01:00] SSH daemon started on port 22
[2026-01-26 08:01:15] Web server started on port 80
[2026-01-26 08:02:00] Database service started
[2026-01-26 08:02:15] Connecting to localhost:5432
[2026-01-26 08:03:00] All services operational
[2026-01-26 08:03:15] System health check: PASSED
[2026-01-26 08:04:00] Cron jobs scheduled
[2026-01-26 08:04:15] Log rotation configured
[2026-01-26 08:05:00] Security scan initiated
[2026-01-26 08:05:15] No threats detected
[2026-01-26 08:06:00] System monitoring active
[2026-01-26 08:06:15] localhost resolves to 127.0.0.1
[2026-01-26 08:07:00] Network traffic: Normal
[2026-01-26 08:07:15] CPU usage: 25%
[2026-01-26 08:08:00] Memory usage: 40%
[2026-01-26 08:08:15] Disk usage: 60%
[2026-01-26 08:09:00] System uptime: 3 days
